2025-10-24 00:47:53 | INFO  | c.a.config.RequestLoggingFilter | ➡️ POST /api/auth/login completado en 9238 ms
2025-10-24 00:47:55 | ERROR | c.a.config.PerformanceLoggingFilter | [0;31m➡️ POST /api/auth/login - 500 (11551 ms)[0m
2025-10-24 00:48:34 | INFO  | o.s.o.j.LocalContainerEntityManagerFactoryBean | Closing JPA EntityManagerFactory for persistence unit 'default'
2025-10-24 00:52:09 | INFO  | o.h.validator.internal.util.Version | HV000001: Hibernate Validator 8.0.1.Final
2025-10-24 00:52:10 | INFO  | com.aerotickets.App | Starting App using Java 21.0.8 with PID 7008 (C:\Users\Familia\Desktop\AeroticketsProject\backend\target\classes started by Familia in C:\Users\Familia\Desktop\AeroticketsProject\backend)
2025-10-24 00:52:10 | DEBUG | com.aerotickets.App | Running with Spring Boot v3.3.2, Spring v6.1.11
2025-10-24 00:52:10 | INFO  | com.aerotickets.App | No active profile set, falling back to 1 default profile: "default"
2025-10-24 00:52:21 | INFO  | o.s.d.r.c.RepositoryConfigurationDelegate | Bootstrapping Spring Data JPA repositories in DEFAULT mode.
2025-10-24 00:52:24 | INFO  | o.s.d.r.c.RepositoryConfigurationDelegate | Finished Spring Data repository scanning in 3454 ms. Found 3 JPA repository interfaces.
2025-10-24 00:52:31 | INFO  | o.s.b.w.e.tomcat.TomcatWebServer | Tomcat initialized with port 8080 (http)
2025-10-24 00:52:31 | INFO  | o.a.coyote.http11.Http11NioProtocol | Initializing ProtocolHandler ["http-nio-8080"]
2025-10-24 00:52:31 | INFO  | o.a.catalina.core.StandardService | Starting service [Tomcat]
2025-10-24 00:52:31 | INFO  | o.a.catalina.core.StandardEngine | Starting Servlet engine: [Apache Tomcat/10.1.26]
2025-10-24 00:52:32 | INFO  | o.a.c.c.C.[Tomcat].[localhost].[/] | Initializing Spring embedded WebApplicationContext
2025-10-24 00:52:32 | INFO  | o.s.b.w.s.c.ServletWebServerApplicationContext | Root WebApplicationContext: initialization completed in 22153 ms
2025-10-24 00:52:35 | INFO  | o.h.jpa.internal.util.LogHelper | HHH000204: Processing PersistenceUnitInfo [name: default]
2025-10-24 00:52:41 | INFO  | org.hibernate.Version | HHH000412: Hibernate ORM core version 6.5.2.Final
2025-10-24 00:52:47 | INFO  | o.h.c.i.RegionFactoryInitiator | HHH000026: Second-level cache disabled
2025-10-24 00:52:55 | INFO  | o.s.o.j.p.SpringPersistenceUnitInfo | No LoadTimeWeaver setup: ignoring JPA class transformer
2025-10-24 00:52:56 | INFO  | com.zaxxer.hikari.HikariDataSource | HikariPool-1 - Starting...
2025-10-24 00:52:58 | INFO  | com.zaxxer.hikari.pool.HikariPool | HikariPool-1 - Added connection com.mysql.cj.jdbc.ConnectionImpl@22604c7e
2025-10-24 00:52:58 | INFO  | com.zaxxer.hikari.HikariDataSource | HikariPool-1 - Start completed.
2025-10-24 00:53:05 | INFO  | o.h.e.t.j.p.i.JtaPlatformInitiator | HHH000489: No JTA platform available (set 'hibernate.transaction.jta.platform' to enable JTA platform integration)
2025-10-24 00:53:14 | INFO  | o.s.o.j.LocalContainerEntityManagerFactoryBean | Initialized JPA EntityManagerFactory for persistence unit 'default'
2025-10-24 00:53:16 | DEBUG | c.aerotickets.security.JwtAuthFilter | Filter 'jwtAuthFilter' configured for use
2025-10-24 00:53:16 | INFO  | o.s.s.c.a.a.c.InitializeUserDetailsBeanManagerConfigurer$InitializeUserDetailsManagerConfigurer | Global AuthenticationManager configured with UserDetailsService bean with name customUserDetailsService
2025-10-24 00:53:23 | INFO  | o.a.coyote.http11.Http11NioProtocol | Starting ProtocolHandler ["http-nio-8080"]
2025-10-24 00:53:23 | INFO  | o.s.b.w.e.tomcat.TomcatWebServer | Tomcat started on port 8080 (http) with context path '/'
2025-10-24 00:53:23 | INFO  | com.aerotickets.App | Started App in 83.072 seconds (process running for 94.602)
2025-10-24 11:20:52 | WARN  | com.zaxxer.hikari.pool.HikariPool | HikariPool-1 - Thread starvation or clock leap detected (housekeeper delta=9h55m53s840ms541µs).
2025-10-24 11:23:22 | INFO  | o.s.o.j.LocalContainerEntityManagerFactoryBean | Closing JPA EntityManagerFactory for persistence unit 'default'
2025-10-24 11:23:22 | INFO  | com.zaxxer.hikari.HikariDataSource | HikariPool-1 - Shutdown initiated...
2025-10-24 11:23:23 | INFO  | com.zaxxer.hikari.HikariDataSource | HikariPool-1 - Shutdown completed.
