2025-10-21 07:50:11 | INFO  | o.h.validator.internal.util.Version | HV000001: Hibernate Validator 8.0.1.Final
2025-10-21 08:03:50 | INFO  | com.aerotickets.App | Starting App using Java 21.0.8 with PID 5256 (C:\Users\Familia\Desktop\AeroticketsProject\backend\target\classes started by Familia in C:\Users\Familia\Desktop\AeroticketsProject\backend)
2025-10-21 08:03:50 | DEBUG | com.aerotickets.App | Running with Spring Boot v3.3.2, Spring v6.1.11
2025-10-21 08:03:50 | INFO  | com.aerotickets.App | No active profile set, falling back to 1 default profile: "default"
2025-10-21 08:03:56 | INFO  | o.s.d.r.c.RepositoryConfigurationDelegate | Bootstrapping Spring Data JPA repositories in DEFAULT mode.
2025-10-21 08:03:56 | INFO  | o.s.d.r.c.RepositoryConfigurationDelegate | Finished Spring Data repository scanning in 262 ms. Found 3 JPA repository interfaces.
2025-10-21 08:04:00 | INFO  | o.s.b.w.e.tomcat.TomcatWebServer | Tomcat initialized with port 8080 (http)
2025-10-21 08:04:00 | INFO  | o.a.coyote.http11.Http11NioProtocol | Initializing ProtocolHandler ["http-nio-8080"]
2025-10-21 08:04:00 | INFO  | o.a.catalina.core.StandardService | Starting service [Tomcat]
2025-10-21 08:04:00 | INFO  | o.a.catalina.core.StandardEngine | Starting Servlet engine: [Apache Tomcat/10.1.26]
2025-10-21 08:04:01 | INFO  | o.a.c.c.C.[Tomcat].[localhost].[/] | Initializing Spring embedded WebApplicationContext
2025-10-21 08:04:01 | INFO  | o.s.b.w.s.c.ServletWebServerApplicationContext | Root WebApplicationContext: initialization completed in 10477 ms
2025-10-21 08:04:02 | INFO  | o.h.jpa.internal.util.LogHelper | HHH000204: Processing PersistenceUnitInfo [name: default]
2025-10-21 08:04:02 | INFO  | org.hibernate.Version | HHH000412: Hibernate ORM core version 6.5.2.Final
2025-10-21 08:04:02 | INFO  | o.h.c.i.RegionFactoryInitiator | HHH000026: Second-level cache disabled
2025-10-21 08:04:04 | INFO  | o.s.o.j.p.SpringPersistenceUnitInfo | No LoadTimeWeaver setup: ignoring JPA class transformer
2025-10-21 08:04:04 | INFO  | com.zaxxer.hikari.HikariDataSource | HikariPool-1 - Starting...
2025-10-21 08:04:07 | INFO  | com.zaxxer.hikari.pool.HikariPool | HikariPool-1 - Added connection com.mysql.cj.jdbc.ConnectionImpl@3a72e2e8
2025-10-21 08:04:07 | INFO  | com.zaxxer.hikari.HikariDataSource | HikariPool-1 - Start completed.
2025-10-21 08:04:13 | INFO  | o.h.e.t.j.p.i.JtaPlatformInitiator | HHH000489: No JTA platform available (set 'hibernate.transaction.jta.platform' to enable JTA platform integration)
2025-10-21 08:04:21 | INFO  | o.s.o.j.LocalContainerEntityManagerFactoryBean | Initialized JPA EntityManagerFactory for persistence unit 'default'
2025-10-21 08:04:23 | DEBUG | c.aerotickets.security.JwtAuthFilter | Filter 'jwtAuthFilter' configured for use
2025-10-21 08:04:24 | INFO  | o.s.s.c.a.a.c.InitializeUserDetailsBeanManagerConfigurer$InitializeUserDetailsManagerConfigurer | Global AuthenticationManager configured with UserDetailsService bean with name customUserDetailsService
2025-10-21 08:04:26 | DEBUG | o.s.s.web.DefaultSecurityFilterChain | Will secure any request with filters: DisableEncodeUrlFilter, WebAsyncManagerIntegrationFilter, SecurityContextHolderFilter, HeaderWriterFilter, CorsFilter, LogoutFilter, JwtAuthFilter, RequestCacheAwareFilter, SecurityContextHolderAwareRequestFilter, AnonymousAuthenticationFilter, SessionManagementFilter, ExceptionTranslationFilter, AuthorizationFilter
2025-10-21 08:04:27 | INFO  | o.a.coyote.http11.Http11NioProtocol | Starting ProtocolHandler ["http-nio-8080"]
2025-10-21 08:04:27 | INFO  | o.s.b.w.e.tomcat.TomcatWebServer | Tomcat started on port 8080 (http) with context path '/'
2025-10-21 08:04:27 | INFO  | com.aerotickets.App | Started App in 867.252 seconds (process running for 872.859)
2025-10-21 08:04:40 | INFO  | o.a.c.c.C.[Tomcat].[localhost].[/] | Initializing Spring DispatcherServlet 'dispatcherServlet'
2025-10-21 08:04:40 | INFO  | o.s.web.servlet.DispatcherServlet | Initializing Servlet 'dispatcherServlet'
2025-10-21 08:04:40 | INFO  | o.s.web.servlet.DispatcherServlet | Completed initialization in 2 ms
2025-10-21 08:04:40 | DEBUG | o.s.security.web.FilterChainProxy | Securing OPTIONS /api/flights
2025-10-21 08:04:40 | DEBUG | o.s.security.web.FilterChainProxy | Securing OPTIONS /api/flights
2025-10-21 08:04:40 | DEBUG | o.s.security.web.FilterChainProxy | Securing GET /api/flights
2025-10-21 08:04:40 | WARN  | c.aerotickets.security.JwtAuthFilter | JWT expirado: JWT expired at 2025-10-21T00:48:16Z. Current time: 2025-10-21T13:04:40Z, a difference of 44184839 milliseconds.  Allowed clock skew: 0 milliseconds.
2025-10-21 08:04:40 | DEBUG | o.s.security.web.FilterChainProxy | Securing GET /api/flights
2025-10-21 08:04:40 | WARN  | c.aerotickets.security.JwtAuthFilter | JWT expirado: JWT expired at 2025-10-21T00:48:16Z. Current time: 2025-10-21T13:04:40Z, a difference of 44184922 milliseconds.  Allowed clock skew: 0 milliseconds.
2025-10-21 08:04:56 | DEBUG | o.s.security.web.FilterChainProxy | Securing OPTIONS /api/auth/login
2025-10-21 08:04:56 | DEBUG | o.s.security.web.FilterChainProxy | Securing POST /api/auth/login
2025-10-21 08:04:56 | DEBUG | o.s.s.w.a.AnonymousAuthenticationFilter | Set SecurityContextHolder to anonymous SecurityContext
2025-10-21 08:04:56 | DEBUG | o.s.security.web.FilterChainProxy | Secured POST /api/auth/login
2025-10-21 08:04:57 | DEBUG | o.s.s.a.d.DaoAuthenticationProvider | Authenticated user
2025-10-21 08:04:59 | INFO  | c.a.config.RequestLoggingFilter | ➡️ POST /api/auth/login completado en 3063 ms
2025-10-21 08:05:00 | WARN  | c.a.config.PerformanceLoggingFilter | ⚠️ Petición lenta detectada: POST /api/auth/login (3065 ms)
2025-10-21 08:05:01 | DEBUG | o.s.security.web.FilterChainProxy | Securing OPTIONS /api/flights
2025-10-21 08:05:01 | DEBUG | o.s.security.web.FilterChainProxy | Securing OPTIONS /api/flights
2025-10-21 08:05:01 | DEBUG | o.s.security.web.FilterChainProxy | Securing GET /api/flights
2025-10-21 08:05:02 | DEBUG | o.s.security.web.FilterChainProxy | Secured GET /api/flights
2025-10-21 08:05:02 | INFO  | c.a.config.RequestLoggingFilter | ➡️ GET /api/flights completado en 264 ms
2025-10-21 08:05:02 | INFO  | c.a.config.PerformanceLoggingFilter | [0;32m➡️ GET /api/flights - 200 (267 ms)[0m
2025-10-21 08:05:02 | DEBUG | o.s.security.web.FilterChainProxy | Securing GET /api/flights
2025-10-21 08:05:02 | DEBUG | o.s.security.web.FilterChainProxy | Secured GET /api/flights
2025-10-21 08:05:02 | INFO  | c.a.config.RequestLoggingFilter | ➡️ GET /api/flights completado en 21 ms
2025-10-21 08:05:02 | INFO  | c.a.config.PerformanceLoggingFilter | [0;32m➡️ GET /api/flights - 200 (24 ms)[0m
2025-10-21 08:06:49 | DEBUG | o.s.security.web.FilterChainProxy | Securing OPTIONS /api/auth/login
2025-10-21 08:06:49 | DEBUG | o.s.security.web.FilterChainProxy | Securing POST /api/auth/login
2025-10-21 08:06:49 | DEBUG | o.s.s.w.a.AnonymousAuthenticationFilter | Set SecurityContextHolder to anonymous SecurityContext
2025-10-21 08:06:49 | DEBUG | o.s.security.web.FilterChainProxy | Secured POST /api/auth/login
2025-10-21 08:06:49 | DEBUG | o.s.s.a.d.DaoAuthenticationProvider | Authenticated user
2025-10-21 08:06:49 | INFO  | c.a.config.RequestLoggingFilter | ➡️ POST /api/auth/login completado en 160 ms
2025-10-21 08:06:49 | INFO  | c.a.config.PerformanceLoggingFilter | [0;32m➡️ POST /api/auth/login - 200 (163 ms)[0m
2025-10-21 08:06:49 | DEBUG | o.s.security.web.FilterChainProxy | Securing OPTIONS /api/flights
2025-10-21 08:06:49 | DEBUG | o.s.security.web.FilterChainProxy | Securing OPTIONS /api/flights
2025-10-21 08:06:50 | DEBUG | o.s.security.web.FilterChainProxy | Securing GET /api/flights
2025-10-21 08:06:50 | DEBUG | o.s.security.web.FilterChainProxy | Secured GET /api/flights
2025-10-21 08:06:50 | INFO  | c.a.config.RequestLoggingFilter | ➡️ GET /api/flights completado en 16 ms
2025-10-21 08:06:50 | INFO  | c.a.config.PerformanceLoggingFilter | [0;32m➡️ GET /api/flights - 200 (17 ms)[0m
2025-10-21 08:06:50 | DEBUG | o.s.security.web.FilterChainProxy | Securing GET /api/flights
2025-10-21 08:06:50 | DEBUG | o.s.security.web.FilterChainProxy | Secured GET /api/flights
2025-10-21 08:06:50 | INFO  | c.a.config.RequestLoggingFilter | ➡️ GET /api/flights completado en 61 ms
2025-10-21 08:06:50 | INFO  | c.a.config.PerformanceLoggingFilter | [0;32m➡️ GET /api/flights - 200 (67 ms)[0m
2025-10-21 08:07:50 | DEBUG | o.s.security.web.FilterChainProxy | Securing OPTIONS /api/reservations/my
2025-10-21 08:07:50 | DEBUG | o.s.security.web.FilterChainProxy | Securing OPTIONS /api/reservations/my
2025-10-21 08:07:50 | DEBUG | o.s.security.web.FilterChainProxy | Securing GET /api/reservations/my
2025-10-21 08:07:50 | DEBUG | o.s.security.web.FilterChainProxy | Secured GET /api/reservations/my
2025-10-21 08:07:50 | INFO  | c.a.config.RequestLoggingFilter | ➡️ GET /api/reservations/my completado en 325 ms
2025-10-21 08:07:50 | INFO  | c.a.config.PerformanceLoggingFilter | [0;32m➡️ GET /api/reservations/my - 200 (331 ms)[0m
2025-10-21 08:07:50 | DEBUG | o.s.security.web.FilterChainProxy | Securing GET /api/reservations/my
2025-10-21 08:07:50 | DEBUG | o.s.security.web.FilterChainProxy | Secured GET /api/reservations/my
2025-10-21 08:07:50 | INFO  | c.a.config.RequestLoggingFilter | ➡️ GET /api/reservations/my completado en 20 ms
2025-10-21 08:07:50 | INFO  | c.a.config.PerformanceLoggingFilter | [0;32m➡️ GET /api/reservations/my - 200 (24 ms)[0m
2025-10-21 08:08:03 | DEBUG | o.s.security.web.FilterChainProxy | Securing OPTIONS /api/flights
2025-10-21 08:08:03 | DEBUG | o.s.security.web.FilterChainProxy | Securing OPTIONS /api/flights
2025-10-21 08:08:04 | DEBUG | o.s.security.web.FilterChainProxy | Securing GET /api/flights
2025-10-21 08:08:04 | DEBUG | o.s.security.web.FilterChainProxy | Secured GET /api/flights
2025-10-21 08:08:04 | INFO  | c.a.config.RequestLoggingFilter | ➡️ GET /api/flights completado en 33 ms
2025-10-21 08:08:04 | INFO  | c.a.config.PerformanceLoggingFilter | [0;32m➡️ GET /api/flights - 200 (64 ms)[0m
2025-10-21 08:08:04 | DEBUG | o.s.security.web.FilterChainProxy | Securing GET /api/flights
2025-10-21 08:08:04 | DEBUG | o.s.security.web.FilterChainProxy | Secured GET /api/flights
2025-10-21 08:08:04 | INFO  | c.a.config.RequestLoggingFilter | ➡️ GET /api/flights completado en 19 ms
2025-10-21 08:08:04 | INFO  | c.a.config.PerformanceLoggingFilter | [0;32m➡️ GET /api/flights - 200 (25 ms)[0m
2025-10-21 13:04:45 | INFO  | o.s.o.j.LocalContainerEntityManagerFactoryBean | Closing JPA EntityManagerFactory for persistence unit 'default'
2025-10-21 13:04:45 | INFO  | com.zaxxer.hikari.HikariDataSource | HikariPool-1 - Shutdown initiated...
2025-10-21 13:04:46 | INFO  | com.zaxxer.hikari.HikariDataSource | HikariPool-1 - Shutdown completed.
