2025-11-02 00:19:24 | ERROR | c.a.config.PerformanceLoggingFilter | [0;31m➡️ GET /api/live/airports/search - 500 (27 ms)[0m
2025-11-02 00:19:24 | ERROR | c.a.config.PerformanceLoggingFilter | [0;31m➡️ GET /api/live/airports/search - 500 (10 ms)[0m
2025-11-02 00:19:27 | ERROR | c.a.config.PerformanceLoggingFilter | [0;31m➡️ GET /api/live/airports/search - 500 (9 ms)[0m
2025-11-02 00:19:30 | ERROR | c.a.config.PerformanceLoggingFilter | [0;31m➡️ GET /api/live/airports/search - 500 (19 ms)[0m
2025-11-02 00:19:35 | ERROR | o.a.c.c.C.[.[.[.[dispatcherServlet] | Servlet.service() for servlet [dispatcherServlet] threw exception
java.io.IOException: Se ha anulado una conexión establecida por el software en su equipo host.
	at java.base/sun.nio.ch.SocketDispatcher.write0(Native Method)
	at java.base/sun.nio.ch.SocketDispatcher.write(SocketDispatcher.java:54)
	at java.base/sun.nio.ch.IOUtil.writeFromNativeBuffer(IOUtil.java:137)
	at java.base/sun.nio.ch.IOUtil.write(IOUtil.java:102)
	at java.base/sun.nio.ch.IOUtil.write(IOUtil.java:58)
	at java.base/sun.nio.ch.SocketChannelImpl.write(SocketChannelImpl.java:542)
	at org.apache.tomcat.util.net.NioChannel.write(NioChannel.java:122)
	at org.apache.tomcat.util.net.NioEndpoint$NioSocketWrapper.doWrite(NioEndpoint.java:1378)
	at org.apache.tomcat.util.net.SocketWrapperBase.doWrite(SocketWrapperBase.java:764)
	at org.apache.tomcat.util.net.SocketWrapperBase.flushBlocking(SocketWrapperBase.java:728)
	at org.apache.tomcat.util.net.SocketWrapperBase.flush(SocketWrapperBase.java:712)
	at org.apache.coyote.http11.Http11OutputBuffer$SocketOutputBuffer.flush(Http11OutputBuffer.java:559)
	at org.apache.coyote.http11.filters.ChunkedOutputFilter.flush(ChunkedOutputFilter.java:157)
	at org.apache.coyote.http11.Http11OutputBuffer.flush(Http11OutputBuffer.java:216)
	at org.apache.coyote.http11.Http11Processor.flush(Http11Processor.java:1244)
	at org.apache.coyote.AbstractProcessor.action(AbstractProcessor.java:400)
	at org.apache.coyote.Response.action(Response.java:208)
	at org.apache.catalina.connector.OutputBuffer.doFlush(OutputBuffer.java:299)
	at org.apache.catalina.connector.OutputBuffer.flush(OutputBuffer.java:265)
	at org.apache.catalina.connector.CoyoteOutputStream.flush(CoyoteOutputStream.java:136)
	at org.springframework.security.web.util.OnCommittedResponseWrapper$SaveContextServletOutputStream.flush(OnCommittedResponseWrapper.java:524)
	at org.springframework.web.context.request.async.StandardServletAsyncWebRequest$LifecycleServletOutputStream.flush(StandardServletAsyncWebRequest.java:389)
	at java.base/java.io.FilterOutputStream.flush(FilterOutputStream.java:155)
	at com.fasterxml.jackson.core.json.UTF8JsonGenerator.flush(UTF8JsonGenerator.java:1207)
	at com.fasterxml.jackson.databind.ObjectWriter.writeValue(ObjectWriter.java:1063)
	at org.springframework.http.converter.json.AbstractJackson2HttpMessageConverter.writeInternal(AbstractJackson2HttpMessageConverter.java:483)
	at org.springframework.http.converter.AbstractGenericHttpMessageConverter.writeInternal(AbstractGenericHttpMessageConverter.java:123)
	at org.springframework.http.converter.AbstractHttpMessageConverter.write(AbstractHttpMessageConverter.java:235)
	at org.springframework.web.servlet.mvc.method.annotation.ResponseBodyEmitterReturnValueHandler$HttpMessageConvertingHandler.sendInternal(ResponseBodyEmitterReturnValueHandler.java:221)
	at org.springframework.web.servlet.mvc.method.annotation.ResponseBodyEmitterReturnValueHandler$HttpMessageConvertingHandler.send(ResponseBodyEmitterReturnValueHandler.java:212)
	at org.springframework.web.servlet.mvc.method.annotation.ResponseBodyEmitter.sendInternal(ResponseBodyEmitter.java:223)
	at org.springframework.web.servlet.mvc.method.annotation.ResponseBodyEmitter.send(ResponseBodyEmitter.java:214)
	at org.springframework.web.servlet.mvc.method.annotation.SseEmitter.send(SseEmitter.java:135)
	at com.aerotickets.service.SimulationRegistry.broadcastSnapshot(SimulationRegistry.java:90)
	at com.aerotickets.service.SimulationRegistry.tick(SimulationRegistry.java:66)
	at java.base/jdk.internal.reflect.DirectMethodHandleAccessor.invoke(DirectMethodHandleAccessor.java:103)
	at java.base/java.lang.reflect.Method.invoke(Method.java:580)
	at org.springframework.scheduling.support.ScheduledMethodRunnable.runInternal(ScheduledMethodRunnable.java:130)
	at org.springframework.scheduling.support.ScheduledMethodRunnable.lambda$run$2(ScheduledMethodRunnable.java:124)
	at io.micrometer.observation.Observation.observe(Observation.java:499)
	at org.springframework.scheduling.support.ScheduledMethodRunnable.run(ScheduledMethodRunnable.java:124)
	at org.springframework.scheduling.support.DelegatingErrorHandlingRunnable.run(DelegatingErrorHandlingRunnable.java:54)
	at java.base/java.util.concurrent.Executors$RunnableAdapter.call(Executors.java:572)
	at java.base/java.util.concurrent.FutureTask.runAndReset(FutureTask.java:358)
	at java.base/java.util.concurrent.ScheduledThreadPoolExecutor$ScheduledFutureTask.run(ScheduledThreadPoolExecutor.java:305)
	at java.base/java.util.concurrent.ThreadPoolExecutor.runWorker(ThreadPoolExecutor.java:1144)
	at java.base/java.util.concurrent.ThreadPoolExecutor$Worker.run(ThreadPoolExecutor.java:642)
	at java.base/java.lang.Thread.run(Thread.java:1583)
2025-11-02 00:19:35 | ERROR | o.a.c.c.C.[.[.[.[dispatcherServlet] | Servlet.service() for servlet [dispatcherServlet] in context with path [] threw exception
java.io.IOException: Se ha anulado una conexión establecida por el software en su equipo host.
	at java.base/sun.nio.ch.SocketDispatcher.write0(Native Method)
	at java.base/sun.nio.ch.SocketDispatcher.write(SocketDispatcher.java:54)
	at java.base/sun.nio.ch.IOUtil.writeFromNativeBuffer(IOUtil.java:137)
	at java.base/sun.nio.ch.IOUtil.write(IOUtil.java:102)
	at java.base/sun.nio.ch.IOUtil.write(IOUtil.java:58)
	at java.base/sun.nio.ch.SocketChannelImpl.write(SocketChannelImpl.java:542)
	at org.apache.tomcat.util.net.NioChannel.write(NioChannel.java:122)
	at org.apache.tomcat.util.net.NioEndpoint$NioSocketWrapper.doWrite(NioEndpoint.java:1378)
	at org.apache.tomcat.util.net.SocketWrapperBase.doWrite(SocketWrapperBase.java:764)
	at org.apache.tomcat.util.net.SocketWrapperBase.flushBlocking(SocketWrapperBase.java:728)
	at org.apache.tomcat.util.net.SocketWrapperBase.flush(SocketWrapperBase.java:712)
	at org.apache.coyote.http11.Http11OutputBuffer$SocketOutputBuffer.flush(Http11OutputBuffer.java:559)
	at org.apache.coyote.http11.filters.ChunkedOutputFilter.flush(ChunkedOutputFilter.java:157)
	at org.apache.coyote.http11.Http11OutputBuffer.flush(Http11OutputBuffer.java:216)
	at org.apache.coyote.http11.Http11Processor.flush(Http11Processor.java:1244)
	at org.apache.coyote.AbstractProcessor.action(AbstractProcessor.java:400)
	at org.apache.coyote.Response.action(Response.java:208)
	at org.apache.catalina.connector.OutputBuffer.doFlush(OutputBuffer.java:299)
	at org.apache.catalina.connector.OutputBuffer.flush(OutputBuffer.java:265)
	at org.apache.catalina.connector.CoyoteOutputStream.flush(CoyoteOutputStream.java:136)
	at org.springframework.security.web.util.OnCommittedResponseWrapper$SaveContextServletOutputStream.flush(OnCommittedResponseWrapper.java:524)
	at org.springframework.web.context.request.async.StandardServletAsyncWebRequest$LifecycleServletOutputStream.flush(StandardServletAsyncWebRequest.java:389)
	at java.base/java.io.FilterOutputStream.flush(FilterOutputStream.java:155)
	at com.fasterxml.jackson.core.json.UTF8JsonGenerator.flush(UTF8JsonGenerator.java:1207)
	at com.fasterxml.jackson.databind.ObjectWriter.writeValue(ObjectWriter.java:1063)
	at org.springframework.http.converter.json.AbstractJackson2HttpMessageConverter.writeInternal(AbstractJackson2HttpMessageConverter.java:483)
	at org.springframework.http.converter.AbstractGenericHttpMessageConverter.writeInternal(AbstractGenericHttpMessageConverter.java:123)
	at org.springframework.http.converter.AbstractHttpMessageConverter.write(AbstractHttpMessageConverter.java:235)
	at org.springframework.web.servlet.mvc.method.annotation.ResponseBodyEmitterReturnValueHandler$HttpMessageConvertingHandler.sendInternal(ResponseBodyEmitterReturnValueHandler.java:221)
	at org.springframework.web.servlet.mvc.method.annotation.ResponseBodyEmitterReturnValueHandler$HttpMessageConvertingHandler.send(ResponseBodyEmitterReturnValueHandler.java:212)
	at org.springframework.web.servlet.mvc.method.annotation.ResponseBodyEmitter.sendInternal(ResponseBodyEmitter.java:223)
	at org.springframework.web.servlet.mvc.method.annotation.ResponseBodyEmitter.send(ResponseBodyEmitter.java:214)
	at org.springframework.web.servlet.mvc.method.annotation.SseEmitter.send(SseEmitter.java:135)
	at com.aerotickets.service.SimulationRegistry.broadcastSnapshot(SimulationRegistry.java:90)
	at com.aerotickets.service.SimulationRegistry.tick(SimulationRegistry.java:66)
	at java.base/jdk.internal.reflect.DirectMethodHandleAccessor.invoke(DirectMethodHandleAccessor.java:103)
	at java.base/java.lang.reflect.Method.invoke(Method.java:580)
	at org.springframework.scheduling.support.ScheduledMethodRunnable.runInternal(ScheduledMethodRunnable.java:130)
	at org.springframework.scheduling.support.ScheduledMethodRunnable.lambda$run$2(ScheduledMethodRunnable.java:124)
	at io.micrometer.observation.Observation.observe(Observation.java:499)
	at org.springframework.scheduling.support.ScheduledMethodRunnable.run(ScheduledMethodRunnable.java:124)
	at org.springframework.scheduling.support.DelegatingErrorHandlingRunnable.run(DelegatingErrorHandlingRunnable.java:54)
	at java.base/java.util.concurrent.Executors$RunnableAdapter.call(Executors.java:572)
	at java.base/java.util.concurrent.FutureTask.runAndReset(FutureTask.java:358)
	at java.base/java.util.concurrent.ScheduledThreadPoolExecutor$ScheduledFutureTask.run(ScheduledThreadPoolExecutor.java:305)
	at java.base/java.util.concurrent.ThreadPoolExecutor.runWorker(ThreadPoolExecutor.java:1144)
	at java.base/java.util.concurrent.ThreadPoolExecutor$Worker.run(ThreadPoolExecutor.java:642)
	at java.base/java.lang.Thread.run(Thread.java:1583)
2025-11-02 21:35:49 | ERROR | c.a.config.PerformanceLoggingFilter | [0;31m➡️ GET /api/live/stream - 500 (59 ms)[0m
2025-11-02 21:35:54 | ERROR | c.a.config.PerformanceLoggingFilter | [0;31m➡️ GET /api/live/stream - 500 (91 ms)[0m
2025-11-02 21:35:59 | ERROR | c.a.config.PerformanceLoggingFilter | [0;31m➡️ GET /api/live/stream - 500 (109 ms)[0m
2025-11-02 21:36:05 | ERROR | c.a.config.PerformanceLoggingFilter | [0;31m➡️ GET /api/live/stream - 500 (43 ms)[0m
2025-11-02 21:36:10 | ERROR | c.a.config.PerformanceLoggingFilter | [0;31m➡️ GET /api/live/stream - 500 (83 ms)[0m
2025-11-02 21:36:15 | ERROR | c.a.config.PerformanceLoggingFilter | [0;31m➡️ GET /api/live/stream - 500 (88 ms)[0m
2025-11-02 21:36:20 | ERROR | c.a.config.PerformanceLoggingFilter | [0;31m➡️ GET /api/live/stream - 500 (16 ms)[0m
2025-11-02 21:36:25 | ERROR | c.a.config.PerformanceLoggingFilter | [0;31m➡️ GET /api/live/stream - 500 (52 ms)[0m
2025-11-02 21:36:30 | ERROR | c.a.config.PerformanceLoggingFilter | [0;31m➡️ GET /api/live/stream - 500 (81 ms)[0m
2025-11-02 21:36:35 | ERROR | c.a.config.PerformanceLoggingFilter | [0;31m➡️ GET /api/live/stream - 500 (38 ms)[0m
2025-11-02 21:36:40 | ERROR | c.a.config.PerformanceLoggingFilter | [0;31m➡️ GET /api/live/stream - 500 (68 ms)[0m
2025-11-02 21:36:45 | ERROR | c.a.config.PerformanceLoggingFilter | [0;31m➡️ GET /api/live/stream - 500 (64 ms)[0m
2025-11-02 21:36:50 | ERROR | c.a.config.PerformanceLoggingFilter | [0;31m➡️ GET /api/live/stream - 500 (77 ms)[0m
2025-11-02 21:36:55 | ERROR | c.a.config.PerformanceLoggingFilter | [0;31m➡️ GET /api/live/stream - 500 (63 ms)[0m
2025-11-02 21:37:00 | ERROR | c.a.config.PerformanceLoggingFilter | [0;31m➡️ GET /api/live/stream - 500 (80 ms)[0m
2025-11-02 21:37:05 | ERROR | c.a.config.PerformanceLoggingFilter | [0;31m➡️ GET /api/live/stream - 500 (76 ms)[0m
2025-11-02 21:37:11 | ERROR | c.a.config.PerformanceLoggingFilter | [0;31m➡️ GET /api/live/stream - 500 (85 ms)[0m
2025-11-02 21:37:16 | ERROR | c.a.config.PerformanceLoggingFilter | [0;31m➡️ GET /api/live/stream - 500 (74 ms)[0m
2025-11-02 21:37:21 | ERROR | c.a.config.PerformanceLoggingFilter | [0;31m➡️ GET /api/live/stream - 500 (74 ms)[0m
2025-11-02 21:37:26 | ERROR | c.a.config.PerformanceLoggingFilter | [0;31m➡️ GET /api/live/stream - 500 (93 ms)[0m
2025-11-02 21:37:31 | ERROR | c.a.config.PerformanceLoggingFilter | [0;31m➡️ GET /api/live/stream - 500 (78 ms)[0m
2025-11-02 21:37:36 | ERROR | c.a.config.PerformanceLoggingFilter | [0;31m➡️ GET /api/live/stream - 500 (156 ms)[0m
2025-11-02 21:37:41 | ERROR | c.a.config.PerformanceLoggingFilter | [0;31m➡️ GET /api/live/stream - 500 (109 ms)[0m
2025-11-02 21:37:46 | ERROR | c.a.config.PerformanceLoggingFilter | [0;31m➡️ GET /api/live/stream - 500 (82 ms)[0m
2025-11-02 21:37:51 | ERROR | c.a.config.PerformanceLoggingFilter | [0;31m➡️ GET /api/live/stream - 500 (66 ms)[0m
2025-11-02 21:37:56 | ERROR | c.a.config.PerformanceLoggingFilter | [0;31m➡️ GET /api/live/stream - 500 (73 ms)[0m
2025-11-02 21:38:01 | ERROR | c.a.config.PerformanceLoggingFilter | [0;31m➡️ GET /api/live/stream - 500 (81 ms)[0m
2025-11-02 21:38:06 | ERROR | c.a.config.PerformanceLoggingFilter | [0;31m➡️ GET /api/live/stream - 500 (71 ms)[0m
2025-11-02 21:38:11 | ERROR | c.a.config.PerformanceLoggingFilter | [0;31m➡️ GET /api/live/stream - 500 (83 ms)[0m
2025-11-02 21:38:16 | ERROR | c.a.config.PerformanceLoggingFilter | [0;31m➡️ GET /api/live/stream - 500 (73 ms)[0m
2025-11-02 21:38:21 | ERROR | c.a.config.PerformanceLoggingFilter | [0;31m➡️ GET /api/live/stream - 500 (16 ms)[0m
2025-11-02 21:38:26 | ERROR | c.a.config.PerformanceLoggingFilter | [0;31m➡️ GET /api/live/stream - 500 (67 ms)[0m
2025-11-02 21:38:31 | ERROR | c.a.config.PerformanceLoggingFilter | [0;31m➡️ GET /api/live/stream - 500 (69 ms)[0m
2025-11-02 21:38:36 | ERROR | c.a.config.PerformanceLoggingFilter | [0;31m➡️ GET /api/live/stream - 500 (17 ms)[0m
2025-11-02 21:38:42 | ERROR | c.a.config.PerformanceLoggingFilter | [0;31m➡️ GET /api/live/stream - 500 (100 ms)[0m
2025-11-02 21:38:47 | ERROR | c.a.config.PerformanceLoggingFilter | [0;31m➡️ GET /api/live/stream - 500 (69 ms)[0m
2025-11-02 21:38:52 | ERROR | c.a.config.PerformanceLoggingFilter | [0;31m➡️ GET /api/live/stream - 500 (150 ms)[0m
2025-11-02 21:38:57 | ERROR | c.a.config.PerformanceLoggingFilter | [0;31m➡️ GET /api/live/stream - 500 (77 ms)[0m
2025-11-02 21:39:02 | ERROR | c.a.config.PerformanceLoggingFilter | [0;31m➡️ GET /api/live/stream - 500 (113 ms)[0m
2025-11-02 21:39:07 | ERROR | c.a.config.PerformanceLoggingFilter | [0;31m➡️ GET /api/live/stream - 500 (136 ms)[0m
2025-11-02 21:39:12 | ERROR | c.a.config.PerformanceLoggingFilter | [0;31m➡️ GET /api/live/stream - 500 (121 ms)[0m
2025-11-02 21:39:17 | ERROR | c.a.config.PerformanceLoggingFilter | [0;31m➡️ GET /api/live/stream - 500 (82 ms)[0m
2025-11-02 21:39:22 | ERROR | c.a.config.PerformanceLoggingFilter | [0;31m➡️ GET /api/live/stream - 500 (309 ms)[0m
2025-11-02 21:39:27 | ERROR | c.a.config.PerformanceLoggingFilter | [0;31m➡️ GET /api/live/stream - 500 (32 ms)[0m
2025-11-02 21:39:32 | ERROR | c.a.config.PerformanceLoggingFilter | [0;31m➡️ GET /api/live/stream - 500 (16 ms)[0m
2025-11-02 21:39:37 | ERROR | c.a.config.PerformanceLoggingFilter | [0;31m➡️ GET /api/live/stream - 500 (20 ms)[0m
2025-11-02 21:39:42 | ERROR | c.a.config.PerformanceLoggingFilter | [0;31m➡️ GET /api/live/stream - 500 (117 ms)[0m
2025-11-02 21:39:47 | ERROR | c.a.config.PerformanceLoggingFilter | [0;31m➡️ GET /api/live/stream - 500 (317 ms)[0m
2025-11-02 21:39:52 | ERROR | c.a.config.PerformanceLoggingFilter | [0;31m➡️ GET /api/live/stream - 500 (191 ms)[0m
2025-11-02 21:39:57 | ERROR | c.a.config.PerformanceLoggingFilter | [0;31m➡️ GET /api/live/stream - 500 (97 ms)[0m
2025-11-02 21:40:02 | ERROR | c.a.config.PerformanceLoggingFilter | [0;31m➡️ GET /api/live/stream - 500 (144 ms)[0m
2025-11-02 21:40:07 | ERROR | c.a.config.PerformanceLoggingFilter | [0;31m➡️ GET /api/live/stream - 500 (99 ms)[0m
2025-11-02 21:40:12 | ERROR | c.a.config.PerformanceLoggingFilter | [0;31m➡️ GET /api/live/stream - 500 (15 ms)[0m
2025-11-02 21:40:17 | ERROR | c.a.config.PerformanceLoggingFilter | [0;31m➡️ GET /api/live/stream - 500 (32 ms)[0m
2025-11-02 21:40:22 | ERROR | c.a.config.PerformanceLoggingFilter | [0;31m➡️ GET /api/live/stream - 500 (15 ms)[0m
2025-11-02 21:40:28 | ERROR | c.a.config.PerformanceLoggingFilter | [0;31m➡️ GET /api/live/stream - 500 (183 ms)[0m
2025-11-02 21:40:33 | ERROR | c.a.config.PerformanceLoggingFilter | [0;31m➡️ GET /api/live/stream - 500 (343 ms)[0m
2025-11-02 21:40:38 | ERROR | c.a.config.PerformanceLoggingFilter | [0;31m➡️ GET /api/live/stream - 500 (103 ms)[0m
2025-11-02 21:40:43 | ERROR | c.a.config.PerformanceLoggingFilter | [0;31m➡️ GET /api/live/stream - 500 (15 ms)[0m
2025-11-02 21:40:48 | ERROR | c.a.config.PerformanceLoggingFilter | [0;31m➡️ GET /api/live/stream - 500 (92 ms)[0m
2025-11-02 21:40:53 | ERROR | c.a.config.PerformanceLoggingFilter | [0;31m➡️ GET /api/live/stream - 500 (165 ms)[0m
2025-11-02 21:40:58 | ERROR | c.a.config.PerformanceLoggingFilter | [0;31m➡️ GET /api/live/stream - 500 (80 ms)[0m
2025-11-02 21:41:03 | ERROR | c.a.config.PerformanceLoggingFilter | [0;31m➡️ GET /api/live/stream - 500 (117 ms)[0m
2025-11-02 21:41:08 | ERROR | c.a.config.PerformanceLoggingFilter | [0;31m➡️ GET /api/live/stream - 500 (307 ms)[0m
2025-11-02 21:41:13 | ERROR | c.a.config.PerformanceLoggingFilter | [0;31m➡️ GET /api/live/stream - 500 (102 ms)[0m
2025-11-02 21:41:18 | ERROR | c.a.config.PerformanceLoggingFilter | [0;31m➡️ GET /api/live/stream - 500 (16 ms)[0m
2025-11-02 21:41:23 | ERROR | c.a.config.PerformanceLoggingFilter | [0;31m➡️ GET /api/live/stream - 500 (75 ms)[0m
2025-11-02 21:41:28 | ERROR | c.a.config.PerformanceLoggingFilter | [0;31m➡️ GET /api/live/stream - 500 (139 ms)[0m
2025-11-02 21:41:33 | ERROR | c.a.config.PerformanceLoggingFilter | [0;31m➡️ GET /api/live/stream - 500 (307 ms)[0m
2025-11-02 21:41:38 | ERROR | c.a.config.PerformanceLoggingFilter | [0;31m➡️ GET /api/live/stream - 500 (86 ms)[0m
2025-11-02 21:41:43 | ERROR | c.a.config.PerformanceLoggingFilter | [0;31m➡️ GET /api/live/stream - 500 (116 ms)[0m
2025-11-02 21:41:48 | ERROR | c.a.config.PerformanceLoggingFilter | [0;31m➡️ GET /api/live/stream - 500 (17 ms)[0m
2025-11-02 21:41:53 | ERROR | c.a.config.PerformanceLoggingFilter | [0;31m➡️ GET /api/live/stream - 500 (12 ms)[0m
2025-11-02 21:41:58 | ERROR | c.a.config.PerformanceLoggingFilter | [0;31m➡️ GET /api/live/stream - 500 (83 ms)[0m
2025-11-02 21:42:04 | ERROR | c.a.config.PerformanceLoggingFilter | [0;31m➡️ GET /api/live/stream - 500 (114 ms)[0m
2025-11-02 21:42:09 | ERROR | c.a.config.PerformanceLoggingFilter | [0;31m➡️ GET /api/live/stream - 500 (15 ms)[0m
2025-11-02 21:42:14 | ERROR | c.a.config.PerformanceLoggingFilter | [0;31m➡️ GET /api/live/stream - 500 (101 ms)[0m
2025-11-02 21:42:19 | ERROR | c.a.config.PerformanceLoggingFilter | [0;31m➡️ GET /api/live/stream - 500 (15 ms)[0m
2025-11-02 21:42:24 | ERROR | c.a.config.PerformanceLoggingFilter | [0;31m➡️ GET /api/live/stream - 500 (87 ms)[0m
2025-11-02 21:42:29 | ERROR | c.a.config.PerformanceLoggingFilter | [0;31m➡️ GET /api/live/stream - 500 (323 ms)[0m
2025-11-02 21:42:34 | ERROR | c.a.config.PerformanceLoggingFilter | [0;31m➡️ GET /api/live/stream - 500 (19 ms)[0m
2025-11-02 21:42:39 | ERROR | c.a.config.PerformanceLoggingFilter | [0;31m➡️ GET /api/live/stream - 500 (138 ms)[0m
2025-11-02 21:42:44 | ERROR | c.a.config.PerformanceLoggingFilter | [0;31m➡️ GET /api/live/stream - 500 (68 ms)[0m
2025-11-02 21:42:49 | ERROR | c.a.config.PerformanceLoggingFilter | [0;31m➡️ GET /api/live/stream - 500 (344 ms)[0m
2025-11-02 21:42:54 | ERROR | c.a.config.PerformanceLoggingFilter | [0;31m➡️ GET /api/live/stream - 500 (118 ms)[0m
2025-11-02 21:42:59 | ERROR | c.a.config.PerformanceLoggingFilter | [0;31m➡️ GET /api/live/stream - 500 (16 ms)[0m
2025-11-02 21:43:04 | ERROR | c.a.config.PerformanceLoggingFilter | [0;31m➡️ GET /api/live/stream - 500 (88 ms)[0m
2025-11-02 21:43:09 | ERROR | c.a.config.PerformanceLoggingFilter | [0;31m➡️ GET /api/live/stream - 500 (15 ms)[0m
2025-11-02 21:43:14 | ERROR | c.a.config.PerformanceLoggingFilter | [0;31m➡️ GET /api/live/stream - 500 (79 ms)[0m
2025-11-02 21:43:19 | ERROR | c.a.config.PerformanceLoggingFilter | [0;31m➡️ GET /api/live/stream - 500 (16 ms)[0m
2025-11-02 21:43:25 | ERROR | c.a.config.PerformanceLoggingFilter | [0;31m➡️ GET /api/live/stream - 500 (377 ms)[0m
2025-11-02 21:43:29 | ERROR | c.a.config.PerformanceLoggingFilter | [0;31m➡️ GET /api/live/stream - 500 (163 ms)[0m
2025-11-02 21:43:34 | ERROR | c.a.config.PerformanceLoggingFilter | [0;31m➡️ GET /api/live/stream - 500 (149 ms)[0m
2025-11-02 21:43:39 | ERROR | c.a.config.PerformanceLoggingFilter | [0;31m➡️ GET /api/live/stream - 500 (17 ms)[0m
2025-11-02 21:43:45 | ERROR | c.a.config.PerformanceLoggingFilter | [0;31m➡️ GET /api/live/stream - 500 (112 ms)[0m
2025-11-02 21:43:50 | ERROR | c.a.config.PerformanceLoggingFilter | [0;31m➡️ GET /api/live/stream - 500 (12 ms)[0m
2025-11-02 21:43:55 | ERROR | c.a.config.PerformanceLoggingFilter | [0;31m➡️ GET /api/live/stream - 500 (64 ms)[0m
2025-11-02 21:44:00 | ERROR | c.a.config.PerformanceLoggingFilter | [0;31m➡️ GET /api/live/stream - 500 (101 ms)[0m
2025-11-02 21:44:05 | ERROR | c.a.config.PerformanceLoggingFilter | [0;31m➡️ GET /api/live/stream - 500 (144 ms)[0m
2025-11-02 21:44:10 | ERROR | c.a.config.PerformanceLoggingFilter | [0;31m➡️ GET /api/live/stream - 500 (18 ms)[0m
2025-11-02 21:44:15 | ERROR | c.a.config.PerformanceLoggingFilter | [0;31m➡️ GET /api/live/stream - 500 (17 ms)[0m
2025-11-02 21:44:20 | ERROR | c.a.config.PerformanceLoggingFilter | [0;31m➡️ GET /api/live/stream - 500 (180 ms)[0m
2025-11-02 21:44:25 | ERROR | c.a.config.PerformanceLoggingFilter | [0;31m➡️ GET /api/live/stream - 500 (100 ms)[0m
2025-11-02 21:44:30 | ERROR | c.a.config.PerformanceLoggingFilter | [0;31m➡️ GET /api/live/stream - 500 (28 ms)[0m
2025-11-02 21:44:35 | ERROR | c.a.config.PerformanceLoggingFilter | [0;31m➡️ GET /api/live/stream - 500 (93 ms)[0m
2025-11-02 21:44:40 | ERROR | c.a.config.PerformanceLoggingFilter | [0;31m➡️ GET /api/live/stream - 500 (102 ms)[0m
2025-11-02 21:44:45 | ERROR | c.a.config.PerformanceLoggingFilter | [0;31m➡️ GET /api/live/stream - 500 (102 ms)[0m
2025-11-02 21:44:50 | ERROR | c.a.config.PerformanceLoggingFilter | [0;31m➡️ GET /api/live/stream - 500 (84 ms)[0m
2025-11-02 21:44:55 | ERROR | c.a.config.PerformanceLoggingFilter | [0;31m➡️ GET /api/live/stream - 500 (145 ms)[0m
2025-11-02 21:45:00 | ERROR | c.a.config.PerformanceLoggingFilter | [0;31m➡️ GET /api/live/stream - 500 (93 ms)[0m
2025-11-02 21:45:05 | ERROR | c.a.config.PerformanceLoggingFilter | [0;31m➡️ GET /api/live/stream - 500 (12 ms)[0m
2025-11-02 21:45:11 | ERROR | c.a.config.PerformanceLoggingFilter | [0;31m➡️ GET /api/live/stream - 500 (108 ms)[0m
2025-11-02 21:45:16 | ERROR | c.a.config.PerformanceLoggingFilter | [0;31m➡️ GET /api/live/stream - 500 (470 ms)[0m
2025-11-02 21:45:22 | ERROR | c.a.config.PerformanceLoggingFilter | [0;31m➡️ GET /api/live/stream - 500 (1045 ms)[0m
2025-11-02 21:45:27 | ERROR | c.a.config.PerformanceLoggingFilter | [0;31m➡️ GET /api/live/stream - 500 (513 ms)[0m
2025-11-02 21:45:32 | ERROR | c.a.config.PerformanceLoggingFilter | [0;31m➡️ GET /api/live/stream - 500 (94 ms)[0m
2025-11-02 21:45:37 | ERROR | c.a.config.PerformanceLoggingFilter | [0;31m➡️ GET /api/live/stream - 500 (77 ms)[0m
2025-11-02 21:45:42 | ERROR | c.a.config.PerformanceLoggingFilter | [0;31m➡️ GET /api/live/stream - 500 (15 ms)[0m
2025-11-02 21:45:47 | ERROR | c.a.config.PerformanceLoggingFilter | [0;31m➡️ GET /api/live/stream - 500 (65 ms)[0m
2025-11-02 21:45:52 | ERROR | c.a.config.PerformanceLoggingFilter | [0;31m➡️ GET /api/live/stream - 500 (16 ms)[0m
2025-11-02 21:45:57 | ERROR | c.a.config.PerformanceLoggingFilter | [0;31m➡️ GET /api/live/stream - 500 (45 ms)[0m
2025-11-02 21:46:02 | ERROR | c.a.config.PerformanceLoggingFilter | [0;31m➡️ GET /api/live/stream - 500 (108 ms)[0m
2025-11-02 21:46:08 | ERROR | c.a.config.PerformanceLoggingFilter | [0;31m➡️ GET /api/live/stream - 500 (317 ms)[0m
2025-11-02 21:46:13 | ERROR | c.a.config.PerformanceLoggingFilter | [0;31m➡️ GET /api/live/stream - 500 (105 ms)[0m
2025-11-02 21:46:18 | ERROR | c.a.config.PerformanceLoggingFilter | [0;31m➡️ GET /api/live/stream - 500 (150 ms)[0m
2025-11-02 21:46:23 | ERROR | c.a.config.PerformanceLoggingFilter | [0;31m➡️ GET /api/live/stream - 500 (86 ms)[0m
2025-11-02 21:46:28 | ERROR | c.a.config.PerformanceLoggingFilter | [0;31m➡️ GET /api/live/stream - 500 (403 ms)[0m
2025-11-02 21:46:33 | ERROR | c.a.config.PerformanceLoggingFilter | [0;31m➡️ GET /api/live/stream - 500 (35 ms)[0m
2025-11-02 21:46:38 | ERROR | c.a.config.PerformanceLoggingFilter | [0;31m➡️ GET /api/live/stream - 500 (14 ms)[0m
2025-11-02 21:46:43 | ERROR | c.a.config.PerformanceLoggingFilter | [0;31m➡️ GET /api/live/stream - 500 (52 ms)[0m
2025-11-02 21:46:48 | ERROR | c.a.config.PerformanceLoggingFilter | [0;31m➡️ GET /api/live/stream - 500 (71 ms)[0m
2025-11-02 21:46:53 | ERROR | c.a.config.PerformanceLoggingFilter | [0;31m➡️ GET /api/live/stream - 500 (96 ms)[0m
2025-11-02 21:46:58 | ERROR | c.a.config.PerformanceLoggingFilter | [0;31m➡️ GET /api/live/stream - 500 (107 ms)[0m
2025-11-02 21:47:04 | ERROR | c.a.config.PerformanceLoggingFilter | [0;31m➡️ GET /api/live/stream - 500 (239 ms)[0m
2025-11-02 21:47:09 | ERROR | c.a.config.PerformanceLoggingFilter | [0;31m➡️ GET /api/live/stream - 500 (32 ms)[0m
2025-11-02 21:47:14 | ERROR | c.a.config.PerformanceLoggingFilter | [0;31m➡️ GET /api/live/stream - 500 (17 ms)[0m
2025-11-02 21:47:19 | ERROR | c.a.config.PerformanceLoggingFilter | [0;31m➡️ GET /api/live/stream - 500 (42 ms)[0m
2025-11-02 21:47:24 | ERROR | c.a.config.PerformanceLoggingFilter | [0;31m➡️ GET /api/live/stream - 500 (15 ms)[0m
2025-11-02 21:47:29 | ERROR | c.a.config.PerformanceLoggingFilter | [0;31m➡️ GET /api/live/stream - 500 (89 ms)[0m
2025-11-02 21:47:34 | ERROR | c.a.config.PerformanceLoggingFilter | [0;31m➡️ GET /api/live/stream - 500 (22 ms)[0m
2025-11-02 21:47:40 | ERROR | c.a.config.PerformanceLoggingFilter | [0;31m➡️ GET /api/live/stream - 500 (404 ms)[0m
2025-11-02 21:47:45 | ERROR | c.a.config.PerformanceLoggingFilter | [0;31m➡️ GET /api/live/stream - 500 (71 ms)[0m
2025-11-02 21:47:50 | ERROR | c.a.config.PerformanceLoggingFilter | [0;31m➡️ GET /api/live/stream - 500 (78 ms)[0m
2025-11-02 21:47:55 | ERROR | c.a.config.PerformanceLoggingFilter | [0;31m➡️ GET /api/live/stream - 500 (117 ms)[0m
2025-11-02 21:48:00 | ERROR | c.a.config.PerformanceLoggingFilter | [0;31m➡️ GET /api/live/stream - 500 (78 ms)[0m
2025-11-02 21:48:05 | ERROR | c.a.config.PerformanceLoggingFilter | [0;31m➡️ GET /api/live/stream - 500 (61 ms)[0m
2025-11-02 21:48:10 | ERROR | c.a.config.PerformanceLoggingFilter | [0;31m➡️ GET /api/live/stream - 500 (76 ms)[0m
2025-11-02 21:48:15 | ERROR | c.a.config.PerformanceLoggingFilter | [0;31m➡️ GET /api/live/stream - 500 (118 ms)[0m
2025-11-02 21:48:20 | ERROR | c.a.config.PerformanceLoggingFilter | [0;31m➡️ GET /api/live/stream - 500 (16 ms)[0m
2025-11-02 21:48:25 | ERROR | c.a.config.PerformanceLoggingFilter | [0;31m➡️ GET /api/live/stream - 500 (185 ms)[0m
2025-11-02 21:48:30 | ERROR | c.a.config.PerformanceLoggingFilter | [0;31m➡️ GET /api/live/stream - 500 (83 ms)[0m
2025-11-02 21:48:35 | ERROR | c.a.config.PerformanceLoggingFilter | [0;31m➡️ GET /api/live/stream - 500 (15 ms)[0m
2025-11-02 21:48:40 | ERROR | c.a.config.PerformanceLoggingFilter | [0;31m➡️ GET /api/live/stream - 500 (85 ms)[0m
2025-11-02 21:48:45 | ERROR | c.a.config.PerformanceLoggingFilter | [0;31m➡️ GET /api/live/stream - 500 (17 ms)[0m
2025-11-02 21:48:50 | ERROR | c.a.config.PerformanceLoggingFilter | [0;31m➡️ GET /api/live/stream - 500 (402 ms)[0m
2025-11-02 21:48:55 | ERROR | c.a.config.PerformanceLoggingFilter | [0;31m➡️ GET /api/live/stream - 500 (185 ms)[0m
2025-11-02 21:49:00 | ERROR | c.a.config.PerformanceLoggingFilter | [0;31m➡️ GET /api/live/stream - 500 (109 ms)[0m
2025-11-02 21:49:05 | ERROR | c.a.config.PerformanceLoggingFilter | [0;31m➡️ GET /api/live/stream - 500 (15 ms)[0m
2025-11-02 21:49:10 | ERROR | c.a.config.PerformanceLoggingFilter | [0;31m➡️ GET /api/live/stream - 500 (84 ms)[0m
2025-11-02 21:49:15 | ERROR | c.a.config.PerformanceLoggingFilter | [0;31m➡️ GET /api/live/stream - 500 (15 ms)[0m
2025-11-02 21:49:20 | ERROR | c.a.config.PerformanceLoggingFilter | [0;31m➡️ GET /api/live/stream - 500 (17 ms)[0m
2025-11-02 21:49:26 | ERROR | c.a.config.PerformanceLoggingFilter | [0;31m➡️ GET /api/live/stream - 500 (417 ms)[0m
2025-11-02 21:49:30 | ERROR | c.a.config.PerformanceLoggingFilter | [0;31m➡️ GET /api/live/stream - 500 (20 ms)[0m
2025-11-02 21:49:36 | ERROR | c.a.config.PerformanceLoggingFilter | [0;31m➡️ GET /api/live/stream - 500 (72 ms)[0m
2025-11-02 21:49:41 | ERROR | c.a.config.PerformanceLoggingFilter | [0;31m➡️ GET /api/live/stream - 500 (91 ms)[0m
2025-11-02 21:49:46 | ERROR | c.a.config.PerformanceLoggingFilter | [0;31m➡️ GET /api/live/stream - 500 (15 ms)[0m
2025-11-02 21:49:51 | ERROR | c.a.config.PerformanceLoggingFilter | [0;31m➡️ GET /api/live/stream - 500 (302 ms)[0m
2025-11-02 21:49:56 | ERROR | c.a.config.PerformanceLoggingFilter | [0;31m➡️ GET /api/live/stream - 500 (98 ms)[0m
2025-11-02 21:50:01 | ERROR | c.a.config.PerformanceLoggingFilter | [0;31m➡️ GET /api/live/stream - 500 (421 ms)[0m
2025-11-02 21:50:06 | ERROR | c.a.config.PerformanceLoggingFilter | [0;31m➡️ GET /api/live/stream - 500 (120 ms)[0m
2025-11-02 21:50:11 | ERROR | c.a.config.PerformanceLoggingFilter | [0;31m➡️ GET /api/live/stream - 500 (68 ms)[0m
2025-11-02 21:50:16 | ERROR | c.a.config.PerformanceLoggingFilter | [0;31m➡️ GET /api/live/stream - 500 (16 ms)[0m
2025-11-02 21:50:21 | ERROR | c.a.config.PerformanceLoggingFilter | [0;31m➡️ GET /api/live/stream - 500 (430 ms)[0m
2025-11-02 21:50:26 | ERROR | c.a.config.PerformanceLoggingFilter | [0;31m➡️ GET /api/live/stream - 500 (104 ms)[0m
2025-11-02 21:50:31 | ERROR | c.a.config.PerformanceLoggingFilter | [0;31m➡️ GET /api/live/stream - 500 (17 ms)[0m
2025-11-02 21:50:36 | ERROR | c.a.config.PerformanceLoggingFilter | [0;31m➡️ GET /api/live/stream - 500 (14 ms)[0m
2025-11-02 21:50:41 | ERROR | c.a.config.PerformanceLoggingFilter | [0;31m➡️ GET /api/live/stream - 500 (15 ms)[0m
2025-11-02 21:50:46 | ERROR | c.a.config.PerformanceLoggingFilter | [0;31m➡️ GET /api/live/stream - 500 (70 ms)[0m
2025-11-02 21:50:51 | ERROR | c.a.config.PerformanceLoggingFilter | [0;31m➡️ GET /api/live/stream - 500 (53 ms)[0m
2025-11-02 21:50:56 | ERROR | c.a.config.PerformanceLoggingFilter | [0;31m➡️ GET /api/live/stream - 500 (17 ms)[0m
2025-11-02 21:51:02 | ERROR | c.a.config.PerformanceLoggingFilter | [0;31m➡️ GET /api/live/stream - 500 (137 ms)[0m
2025-11-02 21:51:07 | ERROR | c.a.config.PerformanceLoggingFilter | [0;31m➡️ GET /api/live/stream - 500 (340 ms)[0m
2025-11-02 21:51:12 | ERROR | c.a.config.PerformanceLoggingFilter | [0;31m➡️ GET /api/live/stream - 500 (98 ms)[0m
2025-11-02 21:51:17 | ERROR | c.a.config.PerformanceLoggingFilter | [0;31m➡️ GET /api/live/stream - 500 (30 ms)[0m
2025-11-02 21:51:22 | ERROR | c.a.config.PerformanceLoggingFilter | [0;31m➡️ GET /api/live/stream - 500 (15 ms)[0m
2025-11-02 21:51:27 | ERROR | c.a.config.PerformanceLoggingFilter | [0;31m➡️ GET /api/live/stream - 500 (16 ms)[0m
2025-11-02 21:51:32 | ERROR | c.a.config.PerformanceLoggingFilter | [0;31m➡️ GET /api/live/stream - 500 (99 ms)[0m
2025-11-02 21:51:37 | ERROR | c.a.config.PerformanceLoggingFilter | [0;31m➡️ GET /api/live/stream - 500 (16 ms)[0m
2025-11-02 21:51:42 | ERROR | c.a.config.PerformanceLoggingFilter | [0;31m➡️ GET /api/live/stream - 500 (121 ms)[0m
2025-11-02 21:51:47 | ERROR | c.a.config.PerformanceLoggingFilter | [0;31m➡️ GET /api/live/stream - 500 (15 ms)[0m
2025-11-02 21:51:52 | ERROR | c.a.config.PerformanceLoggingFilter | [0;31m➡️ GET /api/live/stream - 500 (175 ms)[0m
2025-11-02 21:51:57 | ERROR | c.a.config.PerformanceLoggingFilter | [0;31m➡️ GET /api/live/stream - 500 (114 ms)[0m
2025-11-02 21:52:03 | ERROR | c.a.config.PerformanceLoggingFilter | [0;31m➡️ GET /api/live/stream - 500 (74 ms)[0m
2025-11-02 21:52:08 | ERROR | c.a.config.PerformanceLoggingFilter | [0;31m➡️ GET /api/live/stream - 500 (162 ms)[0m
2025-11-02 21:52:13 | ERROR | c.a.config.PerformanceLoggingFilter | [0;31m➡️ GET /api/live/stream - 500 (118 ms)[0m
2025-11-02 21:52:18 | ERROR | c.a.config.PerformanceLoggingFilter | [0;31m➡️ GET /api/live/stream - 500 (161 ms)[0m
2025-11-02 21:52:23 | ERROR | c.a.config.PerformanceLoggingFilter | [0;31m➡️ GET /api/live/stream - 500 (142 ms)[0m
2025-11-02 21:52:29 | ERROR | c.a.config.PerformanceLoggingFilter | [0;31m➡️ GET /api/live/stream - 500 (196 ms)[0m
2025-11-02 21:52:34 | ERROR | c.a.config.PerformanceLoggingFilter | [0;31m➡️ GET /api/live/stream - 500 (628 ms)[0m
2025-11-02 21:52:39 | ERROR | c.a.config.PerformanceLoggingFilter | [0;31m➡️ GET /api/live/stream - 500 (137 ms)[0m
2025-11-02 21:52:44 | ERROR | c.a.config.PerformanceLoggingFilter | [0;31m➡️ GET /api/live/stream - 500 (131 ms)[0m
2025-11-02 21:52:49 | ERROR | c.a.config.PerformanceLoggingFilter | [0;31m➡️ GET /api/live/stream - 500 (272 ms)[0m
2025-11-02 21:52:54 | ERROR | c.a.config.PerformanceLoggingFilter | [0;31m➡️ GET /api/live/stream - 500 (23 ms)[0m
2025-11-02 21:52:59 | ERROR | c.a.config.PerformanceLoggingFilter | [0;31m➡️ GET /api/live/stream - 500 (112 ms)[0m
2025-11-02 21:53:04 | ERROR | c.a.config.PerformanceLoggingFilter | [0;31m➡️ GET /api/live/stream - 500 (86 ms)[0m
2025-11-02 21:53:09 | ERROR | c.a.config.PerformanceLoggingFilter | [0;31m➡️ GET /api/live/stream - 500 (204 ms)[0m
2025-11-02 21:53:14 | ERROR | c.a.config.PerformanceLoggingFilter | [0;31m➡️ GET /api/live/stream - 500 (136 ms)[0m
2025-11-02 21:53:20 | ERROR | c.a.config.PerformanceLoggingFilter | [0;31m➡️ GET /api/live/stream - 500 (389 ms)[0m
2025-11-02 21:53:25 | ERROR | c.a.config.PerformanceLoggingFilter | [0;31m➡️ GET /api/live/stream - 500 (512 ms)[0m
2025-11-02 21:53:30 | ERROR | c.a.config.PerformanceLoggingFilter | [0;31m➡️ GET /api/live/stream - 500 (366 ms)[0m
2025-11-02 21:53:35 | ERROR | c.a.config.PerformanceLoggingFilter | [0;31m➡️ GET /api/live/stream - 500 (165 ms)[0m
2025-11-02 21:53:40 | ERROR | c.a.config.PerformanceLoggingFilter | [0;31m➡️ GET /api/live/stream - 500 (18 ms)[0m
2025-11-02 21:53:45 | ERROR | c.a.config.PerformanceLoggingFilter | [0;31m➡️ GET /api/live/stream - 500 (110 ms)[0m
2025-11-02 21:53:50 | ERROR | c.a.config.PerformanceLoggingFilter | [0;31m➡️ GET /api/live/stream - 500 (56 ms)[0m
2025-11-02 21:53:55 | ERROR | c.a.config.PerformanceLoggingFilter | [0;31m➡️ GET /api/live/stream - 500 (457 ms)[0m
2025-11-02 21:54:00 | ERROR | c.a.config.PerformanceLoggingFilter | [0;31m➡️ GET /api/live/stream - 500 (15 ms)[0m
2025-11-02 21:54:05 | ERROR | c.a.config.PerformanceLoggingFilter | [0;31m➡️ GET /api/live/stream - 500 (82 ms)[0m
2025-11-02 21:54:10 | ERROR | c.a.config.PerformanceLoggingFilter | [0;31m➡️ GET /api/live/stream - 500 (163 ms)[0m
2025-11-02 21:54:15 | ERROR | c.a.config.PerformanceLoggingFilter | [0;31m➡️ GET /api/live/stream - 500 (17 ms)[0m
2025-11-02 21:54:20 | ERROR | c.a.config.PerformanceLoggingFilter | [0;31m➡️ GET /api/live/stream - 500 (58 ms)[0m
2025-11-02 21:54:25 | ERROR | c.a.config.PerformanceLoggingFilter | [0;31m➡️ GET /api/live/stream - 500 (77 ms)[0m
2025-11-02 21:54:30 | ERROR | c.a.config.PerformanceLoggingFilter | [0;31m➡️ GET /api/live/stream - 500 (18 ms)[0m
2025-11-02 21:54:35 | ERROR | c.a.config.PerformanceLoggingFilter | [0;31m➡️ GET /api/live/stream - 500 (16 ms)[0m
2025-11-02 21:54:40 | ERROR | c.a.config.PerformanceLoggingFilter | [0;31m➡️ GET /api/live/stream - 500 (70 ms)[0m
2025-11-02 21:54:45 | ERROR | c.a.config.PerformanceLoggingFilter | [0;31m➡️ GET /api/live/stream - 500 (69 ms)[0m
2025-11-02 21:54:50 | ERROR | c.a.config.PerformanceLoggingFilter | [0;31m➡️ GET /api/live/stream - 500 (16 ms)[0m
2025-11-02 21:54:56 | ERROR | c.a.config.PerformanceLoggingFilter | [0;31m➡️ GET /api/live/stream - 500 (219 ms)[0m
2025-11-02 21:55:01 | ERROR | c.a.config.PerformanceLoggingFilter | [0;31m➡️ GET /api/live/stream - 500 (13 ms)[0m
2025-11-02 21:55:06 | ERROR | c.a.config.PerformanceLoggingFilter | [0;31m➡️ GET /api/live/stream - 500 (141 ms)[0m
2025-11-02 21:55:11 | ERROR | c.a.config.PerformanceLoggingFilter | [0;31m➡️ GET /api/live/stream - 500 (14 ms)[0m
2025-11-02 21:55:16 | ERROR | c.a.config.PerformanceLoggingFilter | [0;31m➡️ GET /api/live/stream - 500 (136 ms)[0m
2025-11-02 21:55:21 | ERROR | c.a.config.PerformanceLoggingFilter | [0;31m➡️ GET /api/live/stream - 500 (18 ms)[0m
2025-11-02 21:55:26 | ERROR | c.a.config.PerformanceLoggingFilter | [0;31m➡️ GET /api/live/stream - 500 (18 ms)[0m
2025-11-02 21:55:31 | ERROR | c.a.config.PerformanceLoggingFilter | [0;31m➡️ GET /api/live/stream - 500 (16 ms)[0m
2025-11-02 21:55:36 | ERROR | c.a.config.PerformanceLoggingFilter | [0;31m➡️ GET /api/live/stream - 500 (17 ms)[0m
2025-11-02 21:55:41 | ERROR | c.a.config.PerformanceLoggingFilter | [0;31m➡️ GET /api/live/stream - 500 (19 ms)[0m
2025-11-02 21:55:46 | ERROR | c.a.config.PerformanceLoggingFilter | [0;31m➡️ GET /api/live/stream - 500 (122 ms)[0m
2025-11-02 21:55:51 | ERROR | c.a.config.PerformanceLoggingFilter | [0;31m➡️ GET /api/live/stream - 500 (77 ms)[0m
2025-11-02 21:55:56 | ERROR | c.a.config.PerformanceLoggingFilter | [0;31m➡️ GET /api/live/stream - 500 (17 ms)[0m
2025-11-02 21:56:01 | ERROR | c.a.config.PerformanceLoggingFilter | [0;31m➡️ GET /api/live/stream - 500 (96 ms)[0m
2025-11-02 21:56:07 | ERROR | c.a.config.PerformanceLoggingFilter | [0;31m➡️ GET /api/live/stream - 500 (212 ms)[0m
2025-11-02 21:56:12 | ERROR | c.a.config.PerformanceLoggingFilter | [0;31m➡️ GET /api/live/stream - 500 (503 ms)[0m
2025-11-02 21:56:17 | ERROR | c.a.config.PerformanceLoggingFilter | [0;31m➡️ GET /api/live/stream - 500 (212 ms)[0m
2025-11-02 21:56:22 | ERROR | c.a.config.PerformanceLoggingFilter | [0;31m➡️ GET /api/live/stream - 500 (23 ms)[0m
2025-11-02 21:56:27 | ERROR | c.a.config.PerformanceLoggingFilter | [0;31m➡️ GET /api/live/stream - 500 (61 ms)[0m
2025-11-02 21:56:32 | ERROR | c.a.config.PerformanceLoggingFilter | [0;31m➡️ GET /api/live/stream - 500 (16 ms)[0m
2025-11-02 21:56:37 | ERROR | c.a.config.PerformanceLoggingFilter | [0;31m➡️ GET /api/live/stream - 500 (93 ms)[0m
2025-11-02 21:56:42 | ERROR | c.a.config.PerformanceLoggingFilter | [0;31m➡️ GET /api/live/stream - 500 (18 ms)[0m
2025-11-02 21:56:47 | ERROR | c.a.config.PerformanceLoggingFilter | [0;31m➡️ GET /api/live/stream - 500 (76 ms)[0m
2025-11-02 21:56:52 | ERROR | c.a.config.PerformanceLoggingFilter | [0;31m➡️ GET /api/live/stream - 500 (101 ms)[0m
2025-11-02 21:56:57 | ERROR | c.a.config.PerformanceLoggingFilter | [0;31m➡️ GET /api/live/stream - 500 (441 ms)[0m
2025-11-02 21:57:02 | ERROR | c.a.config.PerformanceLoggingFilter | [0;31m➡️ GET /api/live/stream - 500 (66 ms)[0m
2025-11-02 21:57:08 | ERROR | c.a.config.PerformanceLoggingFilter | [0;31m➡️ GET /api/live/stream - 500 (106 ms)[0m
2025-11-02 21:57:13 | ERROR | c.a.config.PerformanceLoggingFilter | [0;31m➡️ GET /api/live/stream - 500 (96 ms)[0m
2025-11-02 21:57:18 | ERROR | c.a.config.PerformanceLoggingFilter | [0;31m➡️ GET /api/live/stream - 500 (193 ms)[0m
2025-11-02 21:57:23 | ERROR | c.a.config.PerformanceLoggingFilter | [0;31m➡️ GET /api/live/stream - 500 (557 ms)[0m
2025-11-02 21:57:28 | ERROR | c.a.config.PerformanceLoggingFilter | [0;31m➡️ GET /api/live/stream - 500 (98 ms)[0m
2025-11-02 21:57:33 | ERROR | c.a.config.PerformanceLoggingFilter | [0;31m➡️ GET /api/live/stream - 500 (16 ms)[0m
2025-11-02 21:57:38 | ERROR | c.a.config.PerformanceLoggingFilter | [0;31m➡️ GET /api/live/stream - 500 (107 ms)[0m
2025-11-02 21:57:43 | ERROR | c.a.config.PerformanceLoggingFilter | [0;31m➡️ GET /api/live/stream - 500 (15 ms)[0m
2025-11-02 21:57:48 | ERROR | c.a.config.PerformanceLoggingFilter | [0;31m➡️ GET /api/live/stream - 500 (16 ms)[0m
2025-11-02 21:57:53 | ERROR | c.a.config.PerformanceLoggingFilter | [0;31m➡️ GET /api/live/stream - 500 (16 ms)[0m
2025-11-02 21:57:58 | ERROR | c.a.config.PerformanceLoggingFilter | [0;31m➡️ GET /api/live/stream - 500 (17 ms)[0m
2025-11-02 21:58:03 | ERROR | c.a.config.PerformanceLoggingFilter | [0;31m➡️ GET /api/live/stream - 500 (95 ms)[0m
2025-11-02 21:58:08 | ERROR | c.a.config.PerformanceLoggingFilter | [0;31m➡️ GET /api/live/stream - 500 (17 ms)[0m
2025-11-02 21:58:14 | ERROR | c.a.config.PerformanceLoggingFilter | [0;31m➡️ GET /api/live/stream - 500 (533 ms)[0m
2025-11-02 21:58:18 | ERROR | c.a.config.PerformanceLoggingFilter | [0;31m➡️ GET /api/live/stream - 500 (18 ms)[0m
2025-11-02 21:58:23 | ERROR | c.a.config.PerformanceLoggingFilter | [0;31m➡️ GET /api/live/stream - 500 (16 ms)[0m
2025-11-02 21:58:28 | ERROR | c.a.config.PerformanceLoggingFilter | [0;31m➡️ GET /api/live/stream - 500 (12 ms)[0m
2025-11-02 21:58:33 | ERROR | c.a.config.PerformanceLoggingFilter | [0;31m➡️ GET /api/live/stream - 500 (14 ms)[0m
2025-11-02 21:58:39 | ERROR | c.a.config.PerformanceLoggingFilter | [0;31m➡️ GET /api/live/stream - 500 (464 ms)[0m
2025-11-02 21:58:44 | ERROR | c.a.config.PerformanceLoggingFilter | [0;31m➡️ GET /api/live/stream - 500 (60 ms)[0m
2025-11-02 21:58:49 | ERROR | c.a.config.PerformanceLoggingFilter | [0;31m➡️ GET /api/live/stream - 500 (63 ms)[0m
2025-11-02 21:58:54 | ERROR | c.a.config.PerformanceLoggingFilter | [0;31m➡️ GET /api/live/stream - 500 (15 ms)[0m
2025-11-02 21:58:59 | ERROR | c.a.config.PerformanceLoggingFilter | [0;31m➡️ GET /api/live/stream - 500 (22 ms)[0m
2025-11-02 21:59:04 | ERROR | c.a.config.PerformanceLoggingFilter | [0;31m➡️ GET /api/live/stream - 500 (15 ms)[0m
2025-11-02 21:59:09 | ERROR | c.a.config.PerformanceLoggingFilter | [0;31m➡️ GET /api/live/stream - 500 (20 ms)[0m
2025-11-02 21:59:14 | ERROR | c.a.config.PerformanceLoggingFilter | [0;31m➡️ GET /api/live/stream - 500 (25 ms)[0m
2025-11-02 21:59:19 | ERROR | c.a.config.PerformanceLoggingFilter | [0;31m➡️ GET /api/live/stream - 500 (101 ms)[0m
2025-11-02 21:59:25 | ERROR | c.a.config.PerformanceLoggingFilter | [0;31m➡️ GET /api/live/stream - 500 (482 ms)[0m
2025-11-02 21:59:29 | ERROR | c.a.config.PerformanceLoggingFilter | [0;31m➡️ GET /api/live/stream - 500 (79 ms)[0m
2025-11-02 21:59:34 | ERROR | c.a.config.PerformanceLoggingFilter | [0;31m➡️ GET /api/live/stream - 500 (24 ms)[0m
2025-11-02 21:59:39 | ERROR | c.a.config.PerformanceLoggingFilter | [0;31m➡️ GET /api/live/stream - 500 (17 ms)[0m
2025-11-02 21:59:45 | ERROR | c.a.config.PerformanceLoggingFilter | [0;31m➡️ GET /api/live/stream - 500 (101 ms)[0m
2025-11-02 21:59:52 | ERROR | c.a.config.PerformanceLoggingFilter | [0;31m➡️ GET /api/live/stream - 500 (2517 ms)[0m
2025-11-02 21:59:58 | ERROR | c.a.config.PerformanceLoggingFilter | [0;31m➡️ GET /api/live/stream - 500 (786 ms)[0m
2025-11-02 22:00:02 | ERROR | c.a.config.PerformanceLoggingFilter | [0;31m➡️ GET /api/live/stream - 500 (24 ms)[0m
2025-11-02 22:00:08 | ERROR | c.a.config.PerformanceLoggingFilter | [0;31m➡️ GET /api/live/stream - 500 (583 ms)[0m
2025-11-02 22:00:13 | ERROR | c.a.config.PerformanceLoggingFilter | [0;31m➡️ GET /api/live/stream - 500 (516 ms)[0m
2025-11-02 22:00:18 | ERROR | c.a.config.PerformanceLoggingFilter | [0;31m➡️ GET /api/live/stream - 500 (15 ms)[0m
2025-11-02 22:00:23 | ERROR | c.a.config.PerformanceLoggingFilter | [0;31m➡️ GET /api/live/stream - 500 (140 ms)[0m
2025-11-02 22:00:28 | ERROR | c.a.config.PerformanceLoggingFilter | [0;31m➡️ GET /api/live/stream - 500 (18 ms)[0m
2025-11-02 22:00:33 | ERROR | c.a.config.PerformanceLoggingFilter | [0;31m➡️ GET /api/live/stream - 500 (301 ms)[0m
2025-11-02 22:00:38 | ERROR | c.a.config.PerformanceLoggingFilter | [0;31m➡️ GET /api/live/stream - 500 (183 ms)[0m
2025-11-02 22:00:43 | ERROR | c.a.config.PerformanceLoggingFilter | [0;31m➡️ GET /api/live/stream - 500 (118 ms)[0m
2025-11-02 22:00:48 | ERROR | c.a.config.PerformanceLoggingFilter | [0;31m➡️ GET /api/live/stream - 500 (13 ms)[0m
2025-11-02 22:00:54 | ERROR | c.a.config.PerformanceLoggingFilter | [0;31m➡️ GET /api/live/stream - 500 (423 ms)[0m
2025-11-02 22:01:00 | ERROR | c.a.config.PerformanceLoggingFilter | [0;31m➡️ GET /api/live/stream - 500 (415 ms)[0m
2025-11-02 22:01:05 | ERROR | c.a.config.PerformanceLoggingFilter | [0;31m➡️ GET /api/live/stream - 500 (119 ms)[0m
2025-11-02 22:01:10 | ERROR | c.a.config.PerformanceLoggingFilter | [0;31m➡️ GET /api/live/stream - 500 (16 ms)[0m
2025-11-02 22:01:15 | ERROR | c.a.config.PerformanceLoggingFilter | [0;31m➡️ GET /api/live/stream - 500 (18 ms)[0m
2025-11-02 22:01:20 | ERROR | c.a.config.PerformanceLoggingFilter | [0;31m➡️ GET /api/live/stream - 500 (798 ms)[0m
2025-11-02 22:01:25 | ERROR | c.a.config.PerformanceLoggingFilter | [0;31m➡️ GET /api/live/stream - 500 (315 ms)[0m
2025-11-02 22:01:31 | ERROR | c.a.config.PerformanceLoggingFilter | [0;31m➡️ GET /api/live/stream - 500 (162 ms)[0m
2025-11-02 22:01:37 | ERROR | c.a.config.PerformanceLoggingFilter | [0;31m➡️ GET /api/live/stream - 500 (1821 ms)[0m
2025-11-02 22:01:41 | ERROR | c.a.config.PerformanceLoggingFilter | [0;31m➡️ GET /api/live/stream - 500 (19 ms)[0m
2025-11-02 22:01:46 | ERROR | c.a.config.PerformanceLoggingFilter | [0;31m➡️ GET /api/live/stream - 500 (29 ms)[0m
2025-11-02 22:01:51 | ERROR | c.a.config.PerformanceLoggingFilter | [0;31m➡️ GET /api/live/stream - 500 (19 ms)[0m
2025-11-02 22:01:58 | ERROR | c.a.config.PerformanceLoggingFilter | [0;31m➡️ GET /api/live/stream - 500 (1402 ms)[0m
2025-11-02 22:02:02 | ERROR | c.a.config.PerformanceLoggingFilter | [0;31m➡️ GET /api/live/stream - 500 (66 ms)[0m
2025-11-02 22:02:07 | ERROR | c.a.config.PerformanceLoggingFilter | [0;31m➡️ GET /api/live/stream - 500 (22 ms)[0m
2025-11-02 22:02:12 | ERROR | c.a.config.PerformanceLoggingFilter | [0;31m➡️ GET /api/live/stream - 500 (15 ms)[0m
2025-11-02 22:02:17 | ERROR | c.a.config.PerformanceLoggingFilter | [0;31m➡️ GET /api/live/stream - 500 (277 ms)[0m
2025-11-02 22:02:23 | ERROR | c.a.config.PerformanceLoggingFilter | [0;31m➡️ GET /api/live/stream - 500 (239 ms)[0m
2025-11-02 22:02:28 | ERROR | c.a.config.PerformanceLoggingFilter | [0;31m➡️ GET /api/live/stream - 500 (163 ms)[0m
2025-11-02 22:02:33 | ERROR | c.a.config.PerformanceLoggingFilter | [0;31m➡️ GET /api/live/stream - 500 (22 ms)[0m
2025-11-02 22:02:38 | ERROR | c.a.config.PerformanceLoggingFilter | [0;31m➡️ GET /api/live/stream - 500 (630 ms)[0m
2025-11-02 22:02:43 | ERROR | c.a.config.PerformanceLoggingFilter | [0;31m➡️ GET /api/live/stream - 500 (18 ms)[0m
2025-11-02 22:02:48 | ERROR | c.a.config.PerformanceLoggingFilter | [0;31m➡️ GET /api/live/stream - 500 (19 ms)[0m
2025-11-02 22:02:53 | ERROR | c.a.config.PerformanceLoggingFilter | [0;31m➡️ GET /api/live/stream - 500 (15 ms)[0m
2025-11-02 22:02:58 | ERROR | c.a.config.PerformanceLoggingFilter | [0;31m➡️ GET /api/live/stream - 500 (18 ms)[0m
2025-11-02 22:03:03 | ERROR | c.a.config.PerformanceLoggingFilter | [0;31m➡️ GET /api/live/stream - 500 (16 ms)[0m
2025-11-02 22:03:08 | ERROR | c.a.config.PerformanceLoggingFilter | [0;31m➡️ GET /api/live/stream - 500 (119 ms)[0m
2025-11-02 22:03:13 | ERROR | c.a.config.PerformanceLoggingFilter | [0;31m➡️ GET /api/live/stream - 500 (15 ms)[0m
2025-11-02 22:03:19 | ERROR | c.a.config.PerformanceLoggingFilter | [0;31m➡️ GET /api/live/stream - 500 (14 ms)[0m
2025-11-02 22:03:24 | ERROR | c.a.config.PerformanceLoggingFilter | [0;31m➡️ GET /api/live/stream - 500 (117 ms)[0m
2025-11-02 22:03:30 | ERROR | c.a.config.PerformanceLoggingFilter | [0;31m➡️ GET /api/live/stream - 500 (1016 ms)[0m
2025-11-02 22:03:35 | ERROR | c.a.config.PerformanceLoggingFilter | [0;31m➡️ GET /api/live/stream - 500 (169 ms)[0m
2025-11-02 22:03:40 | ERROR | c.a.config.PerformanceLoggingFilter | [0;31m➡️ GET /api/live/stream - 500 (53 ms)[0m
2025-11-02 22:03:46 | ERROR | c.a.config.PerformanceLoggingFilter | [0;31m➡️ GET /api/live/stream - 500 (207 ms)[0m
2025-11-02 22:03:52 | ERROR | c.a.config.PerformanceLoggingFilter | [0;31m➡️ GET /api/live/stream - 500 (41 ms)[0m
2025-11-02 22:19:21 | ERROR | c.a.config.PerformanceLoggingFilter | [0;31m➡️ GET /api/reservations/my - 500 (14 ms)[0m
2025-11-02 22:19:21 | ERROR | c.a.config.PerformanceLoggingFilter | [0;31m➡️ GET /api/reservations/my - 500 (183 ms)[0m
